Mar 15, 2019 9:05:05 AM training.endava.app.logger.MyLogger <init>
CONFIG: Configuration done.
Mar 15, 2019 9:05:05 AM training.endava.app.logger.MyLogger <init>
FINE: Finer logged
Mar 15, 2019 9:05:05 AM training.endava.app.logger.MyLogger <init>
FINER: Finest example on LOGGER handler completed.
Mar 15, 2019 9:11:58 AM training.endava.app.logger.MyLogger <init>
CONFIG: Configuration done.
Mar 15, 2019 9:11:58 AM training.endava.app.logger.MyLogger <init>
FINE: Finer logged
Mar 15, 2019 9:11:58 AM training.endava.app.logger.MyLogger <init>
FINER: Finest example on LOGGER handler completed.
Mar 15, 2019 12:16:38 PM training.endava.app.logger.MyLogger <init>
CONFIG: Configuration done.
Mar 15, 2019 12:16:38 PM training.endava.app.logger.MyLogger <init>
FINE: Finer logged
Mar 15, 2019 12:16:38 PM training.endava.app.logger.MyLogger <init>
FINER: Finest example on LOGGER handler completed.
Mar 15, 2019 12:23:50 PM training.endava.app.logger.MyLogger <init>
CONFIG: Configuration done.
Mar 15, 2019 12:23:50 PM training.endava.app.logger.MyLogger <init>
FINE: Finer logged
Mar 15, 2019 12:23:50 PM training.endava.app.logger.MyLogger <init>
FINER: Finest example on LOGGER handler completed.
Mar 15, 2019 3:57:29 PM training.endava.app.logger.MyLogger <init>
CONFIG: Configuration done.
Mar 15, 2019 3:57:29 PM training.endava.app.logger.MyLogger <init>
FINE: Finer logged
Mar 15, 2019 3:57:29 PM training.endava.app.logger.MyLogger <init>
FINER: Finest example on LOGGER handler completed.
Mar 15, 2019 4:01:58 PM training.endava.app.logger.MyLogger <init>
CONFIG: Configuration done.
Mar 15, 2019 4:01:58 PM training.endava.app.logger.MyLogger <init>
FINE: Finer logged
Mar 15, 2019 4:01:58 PM training.endava.app.logger.MyLogger <init>
FINER: Finest example on LOGGER handler completed.
Mar 15, 2019 4:03:36 PM training.endava.app.logger.MyLogger <init>
CONFIG: Configuration done.
Mar 15, 2019 4:03:36 PM training.endava.app.logger.MyLogger <init>
FINE: Finer logged
Mar 15, 2019 4:03:36 PM training.endava.app.logger.MyLogger <init>
FINER: Finest example on LOGGER handler completed.
Mar 15, 2019 4:04:06 PM training.endava.app.logger.MyLogger <init>
CONFIG: Configuration done.
Mar 15, 2019 4:04:06 PM training.endava.app.logger.MyLogger <init>
FINE: Finer logged
Mar 15, 2019 4:04:06 PM training.endava.app.logger.MyLogger <init>
FINER: Finest example on LOGGER handler completed.
Mar 15, 2019 4:50:58 PM training.endava.app.logger.MyLogger <init>
CONFIG: Configuration done.
Mar 15, 2019 4:50:58 PM training.endava.app.logger.MyLogger <init>
FINE: Finer logged
Mar 15, 2019 4:50:58 PM training.endava.app.logger.MyLogger <init>
FINER: Finest example on LOGGER handler completed.
Mar 15, 2019 4:52:14 PM training.endava.app.logger.MyLogger <init>
CONFIG: Configuration done.
Mar 15, 2019 4:52:14 PM training.endava.app.logger.MyLogger <init>
FINE: Finer logged
Mar 15, 2019 4:52:14 PM training.endava.app.logger.MyLogger <init>
FINER: Finest example on LOGGER handler completed.
Mar 15, 2019 4:57:07 PM training.endava.app.logger.MyLogger <init>
CONFIG: Configuration done.
Mar 15, 2019 4:57:08 PM training.endava.app.logger.MyLogger <init>
FINE: Finer logged
Mar 15, 2019 4:57:08 PM training.endava.app.logger.MyLogger <init>
FINER: Finest example on LOGGER handler completed.
Mar 15, 2019 4:59:11 PM training.endava.app.logger.MyLogger <init>
CONFIG: Configuration done.
Mar 15, 2019 4:59:11 PM training.endava.app.logger.MyLogger <init>
FINE: Finer logged
Mar 15, 2019 4:59:11 PM training.endava.app.logger.MyLogger <init>
FINER: Finest example on LOGGER handler completed.
Mar 15, 2019 4:59:30 PM training.endava.app.logger.MyLogger <init>
CONFIG: Configuration done.
Mar 15, 2019 4:59:31 PM training.endava.app.logger.MyLogger <init>
FINE: Finer logged
Mar 15, 2019 4:59:31 PM training.endava.app.logger.MyLogger <init>
FINER: Finest example on LOGGER handler completed.
Mar 15, 2019 4:59:44 PM training.endava.app.logger.MyLogger <init>
CONFIG: Configuration done.
Mar 15, 2019 4:59:45 PM training.endava.app.logger.MyLogger <init>
FINE: Finer logged
Mar 15, 2019 4:59:45 PM training.endava.app.logger.MyLogger <init>
FINER: Finest example on LOGGER handler completed.
Mar 15, 2019 5:00:05 PM training.endava.app.logger.MyLogger <init>
CONFIG: Configuration done.
Mar 15, 2019 5:00:05 PM training.endava.app.logger.MyLogger <init>
FINE: Finer logged
Mar 15, 2019 5:00:05 PM training.endava.app.logger.MyLogger <init>
FINER: Finest example on LOGGER handler completed.
