Mar 14, 2019 4:21:28 PM training.endava.app.controller.PersonController putPerson
INFO: GET REQUEST /persons/put
Mar 14, 2019 4:24:12 PM training.endava.app.controller.PersonController putPerson
INFO: GET REQUEST /persons/put
Mar 15, 2019 1:44:34 PM training.endava.app.controller.PersonController getAll
INFO: GET REQUEST /persons/getAll
Mar 15, 2019 1:46:21 PM training.endava.app.controller.PersonController getById
INFO: GET REQUEST /persons/getById
Mar 15, 2019 1:46:42 PM training.endava.app.controller.PersonController getAll
INFO: GET REQUEST /persons/getAll
Mar 15, 2019 1:47:28 PM training.endava.app.controller.PersonController getById
INFO: GET REQUEST /persons/getById
Mar 15, 2019 1:48:28 PM training.endava.app.controller.PersonController getById
INFO: GET REQUEST /persons/getById
Mar 15, 2019 1:49:09 PM training.endava.app.controller.PersonController getById
INFO: GET REQUEST /persons/getById
Mar 15, 2019 1:49:15 PM training.endava.app.controller.PersonController getAll
INFO: GET REQUEST /persons/getAll
Mar 15, 2019 1:49:54 PM training.endava.app.controller.PersonController postPerson
INFO: GET REQUEST /persons/post
Mar 15, 2019 1:50:06 PM training.endava.app.controller.PersonController getAll
INFO: GET REQUEST /persons/getAll
Mar 15, 2019 1:50:35 PM training.endava.app.controller.PersonController postPerson
INFO: GET REQUEST /persons/post
Mar 15, 2019 1:50:41 PM training.endava.app.controller.PersonController getAll
INFO: GET REQUEST /persons/getAll
Mar 15, 2019 2:04:33 PM training.endava.app.controller.PersonController getAll
INFO: GET REQUEST /persons/getAll
Mar 15, 2019 2:04:39 PM training.endava.app.controller.PersonController postPerson
INFO: GET REQUEST /persons/post
Mar 15, 2019 2:04:43 PM training.endava.app.controller.PersonController getAll
INFO: GET REQUEST /persons/getAll
Mar 15, 2019 2:06:44 PM training.endava.app.controller.PersonController getAll
INFO: GET REQUEST /persons/getAll
Mar 15, 2019 2:06:52 PM training.endava.app.controller.PersonController postPerson
INFO: GET REQUEST /persons/post
Mar 15, 2019 2:06:55 PM training.endava.app.controller.PersonController getAll
INFO: GET REQUEST /persons/getAll
Mar 15, 2019 2:07:49 PM training.endava.app.controller.PersonController getAll
INFO: GET REQUEST /persons/getAll
Mar 15, 2019 2:07:53 PM training.endava.app.controller.PersonController postPerson
INFO: GET REQUEST /persons/post
Mar 15, 2019 2:08:53 PM training.endava.app.controller.PersonController postPerson
INFO: GET REQUEST /persons/post
Mar 15, 2019 2:09:36 PM training.endava.app.controller.PersonController postPerson
INFO: GET REQUEST /persons/post
Mar 15, 2019 2:10:06 PM training.endava.app.controller.PersonController postPerson
INFO: GET REQUEST /persons/post
Mar 15, 2019 2:12:36 PM training.endava.app.controller.PersonController postPerson
INFO: GET REQUEST /persons/post
Mar 15, 2019 2:12:41 PM training.endava.app.controller.PersonController getAll
INFO: GET REQUEST /persons/getAll
Mar 15, 2019 2:13:41 PM training.endava.app.controller.PersonController getAll
INFO: GET REQUEST /persons/getAll
Mar 15, 2019 2:14:25 PM training.endava.app.controller.PersonController putPerson
INFO: GET REQUEST /persons/put
Mar 15, 2019 2:14:38 PM training.endava.app.controller.PersonController getAll
INFO: GET REQUEST /persons/getAll
Mar 15, 2019 2:15:54 PM training.endava.app.controller.PersonController putPerson
INFO: GET REQUEST /persons/put
Mar 15, 2019 2:18:48 PM training.endava.app.controller.PersonController putPerson
INFO: PUT REQUEST /persons/put
Mar 15, 2019 2:21:58 PM training.endava.app.controller.PersonController putPerson
INFO: PUT REQUEST /persons/put
Mar 15, 2019 2:22:47 PM training.endava.app.controller.PersonController putPerson
INFO: PUT REQUEST /persons/put
Mar 15, 2019 2:27:18 PM training.endava.app.controller.PersonController putPerson
INFO: PUT REQUEST /persons/put
Mar 15, 2019 2:27:21 PM training.endava.app.controller.PersonController getAll
INFO: GET REQUEST /persons/getAll
Mar 15, 2019 2:30:13 PM training.endava.app.controller.PersonController deletePerson
INFO: DELETE REQUEST /persons/delete
Mar 15, 2019 2:30:20 PM training.endava.app.controller.PersonController getAll
INFO: GET REQUEST /persons/getAll
Mar 15, 2019 2:30:31 PM training.endava.app.controller.PersonController deletePerson
INFO: DELETE REQUEST /persons/delete
Mar 15, 2019 2:30:49 PM training.endava.app.controller.PersonController deletePerson
INFO: DELETE REQUEST /persons/delete
Mar 15, 2019 2:30:55 PM training.endava.app.controller.PersonController getAll
INFO: GET REQUEST /persons/getAll
Mar 15, 2019 2:45:00 PM training.endava.app.controller.PersonController postPerson
INFO: POST REQUEST /persons/post
Mar 15, 2019 2:45:07 PM training.endava.app.controller.PersonController getAll
INFO: GET REQUEST /persons/getAll
Mar 15, 2019 2:45:21 PM training.endava.app.controller.PersonController getById
INFO: GET REQUEST /persons/getById
Mar 18, 2019 4:14:28 PM training.endava.app.controller.HibernateSpringController postPerson
INFO: POST REQUEST /persons/post
Mar 18, 2019 4:24:18 PM training.endava.app.controller.HibernateSpringController postPerson
INFO: POST REQUEST /persons/post
Mar 19, 2019 10:41:32 AM training.endava.app.controller.HibernateSpringController getById
INFO: GET REQUEST /persons/getById
Mar 19, 2019 10:46:03 AM training.endava.app.controller.HibernateSpringController getAll
INFO: GET REQUEST /persons/getAll
Mar 19, 2019 10:48:55 AM training.endava.app.controller.HibernateSpringController postPerson
INFO: POST REQUEST /persons/post
Mar 19, 2019 10:48:55 AM training.endava.app.controller.HibernateSpringController postPerson
SEVERE: IllegalArgumentException
Mar 19, 2019 10:49:48 AM training.endava.app.controller.HibernateSpringController postPerson
INFO: POST REQUEST /persons/post
Mar 19, 2019 10:51:00 AM training.endava.app.controller.HibernateSpringController postPerson
INFO: POST REQUEST /persons/post
Mar 19, 2019 10:51:00 AM training.endava.app.controller.HibernateSpringController postPerson
SEVERE: IllegalArgumentException
Mar 19, 2019 10:53:12 AM training.endava.app.controller.HibernateSpringController postPerson
INFO: POST REQUEST /persons/post
Mar 19, 2019 10:53:12 AM training.endava.app.controller.HibernateSpringController postPerson
SEVERE: IllegalArgumentException
Mar 19, 2019 10:54:05 AM training.endava.app.controller.HibernateSpringController postPerson
INFO: POST REQUEST /persons/post
Mar 19, 2019 10:54:35 AM training.endava.app.controller.HibernateSpringController postPerson
INFO: POST REQUEST /persons/post
Mar 19, 2019 10:55:26 AM training.endava.app.controller.HibernateSpringController deletePerson
INFO: DELETE REQUEST /persons/delete
Mar 19, 2019 2:25:10 PM training.endava.app.controller.HibernateSpringController getAll
INFO: GET REQUEST /persons/getAll
Mar 19, 2019 2:26:53 PM training.endava.app.controller.HibernateSpringController getAll
INFO: GET REQUEST /persons/getAll
Mar 19, 2019 2:28:13 PM training.endava.app.controller.HibernateSpringController getAll
INFO: GET REQUEST /persons/getAll
Mar 19, 2019 2:29:58 PM training.endava.app.controller.HibernateSpringController getAll
INFO: GET REQUEST /persons/getAll
Mar 19, 2019 2:30:42 PM training.endava.app.controller.HibernateSpringController getAll
INFO: GET REQUEST /persons/getAll
Mar 19, 2019 2:32:14 PM training.endava.app.controller.HibernateSpringController getAll
INFO: GET REQUEST /persons/getAll
Mar 19, 2019 2:40:18 PM training.endava.app.controller.HibernateSpringController getAll
INFO: GET REQUEST /persons/getAll
Mar 19, 2019 2:41:23 PM training.endava.app.controller.HibernateSpringController getAll
INFO: GET REQUEST /persons/getAll
Mar 19, 2019 2:44:17 PM training.endava.app.controller.HibernateSpringController getAll
INFO: GET REQUEST /persons/getAll
Mar 19, 2019 2:54:39 PM training.endava.app.controller.HibernateSpringController postPerson
INFO: POST REQUEST /persons/post
Mar 19, 2019 3:03:55 PM training.endava.app.controller.HibernateSpringController postPerson
INFO: POST REQUEST /persons/post
Mar 19, 2019 3:09:22 PM training.endava.app.controller.HibernateSpringController postPerson
INFO: POST REQUEST /persons/post
Mar 19, 2019 3:13:27 PM training.endava.app.controller.HibernateSpringController postPerson
INFO: POST REQUEST /persons/post
Mar 19, 2019 3:28:33 PM training.endava.app.controller.HibernateSpringController postPerson
INFO: POST REQUEST /persons/post
Mar 19, 2019 3:30:11 PM training.endava.app.controller.HibernateSpringController postPerson
INFO: POST REQUEST /persons/post
Mar 19, 2019 3:32:07 PM training.endava.app.controller.HibernateSpringController postPerson
INFO: POST REQUEST /persons/post
Mar 19, 2019 3:35:21 PM training.endava.app.controller.HibernateSpringController postPerson
INFO: POST REQUEST /persons/post
Mar 19, 2019 3:48:11 PM training.endava.app.controller.HibernateSpringController postPerson
INFO: POST REQUEST /persons/post
Mar 19, 2019 3:48:52 PM training.endava.app.controller.HibernateSpringController postPerson
INFO: POST REQUEST /persons/post
Mar 19, 2019 3:57:39 PM training.endava.app.controller.HibernateSpringController postPerson
INFO: POST REQUEST /persons/post
Mar 19, 2019 4:03:00 PM training.endava.app.controller.HibernateSpringController postPerson
INFO: POST REQUEST /persons/post
Mar 19, 2019 4:14:38 PM training.endava.app.controller.HibernateSpringController postPerson
INFO: POST REQUEST /persons/post
Mar 19, 2019 4:17:20 PM training.endava.app.controller.HibernateSpringController postPerson
INFO: POST REQUEST /persons/post
Mar 19, 2019 4:20:46 PM training.endava.app.controller.HibernateSpringController postPerson
INFO: POST REQUEST /persons/post
Mar 19, 2019 4:31:01 PM training.endava.app.controller.HibernateSpringController postPerson
INFO: POST REQUEST /hibernate/post
Mar 19, 2019 4:32:51 PM training.endava.app.controller.HibernateSpringController postPerson
INFO: POST REQUEST /hibernate/post
Mar 19, 2019 4:41:04 PM training.endava.app.controller.HibernateSpringController postPerson
INFO: POST REQUEST /hibernate/post
Mar 19, 2019 4:42:55 PM training.endava.app.controller.HibernateSpringController postPerson
INFO: POST REQUEST /hibernate/post
Mar 19, 2019 4:43:22 PM training.endava.app.controller.HibernateSpringController postPerson
INFO: POST REQUEST /hibernate/post
Mar 19, 2019 4:47:38 PM training.endava.app.controller.HibernateSpringController getAll
INFO: GET REQUEST /hibernate/getAll
Mar 19, 2019 4:48:26 PM training.endava.app.controller.HibernateSpringController getAll
INFO: GET REQUEST /hibernate/getAll
Mar 19, 2019 4:49:32 PM training.endava.app.controller.HibernateSpringController getAll
INFO: GET REQUEST /hibernate/getAll
Mar 19, 2019 4:49:55 PM training.endava.app.controller.HibernateSpringController postPerson
INFO: POST REQUEST /hibernate/post
Mar 19, 2019 4:49:57 PM training.endava.app.controller.HibernateSpringController postPerson
INFO: POST REQUEST /hibernate/post
Mar 19, 2019 4:49:58 PM training.endava.app.controller.HibernateSpringController postPerson
INFO: POST REQUEST /hibernate/post
Mar 19, 2019 4:50:00 PM training.endava.app.controller.HibernateSpringController postPerson
INFO: POST REQUEST /hibernate/post
Mar 19, 2019 4:50:02 PM training.endava.app.controller.HibernateSpringController getAll
INFO: GET REQUEST /hibernate/getAll
Mar 19, 2019 4:51:43 PM training.endava.app.controller.HibernateSpringController putPerson
INFO: PUT REQUEST /hibernate/put
Mar 19, 2019 4:52:36 PM training.endava.app.controller.HibernateSpringController putPerson
INFO: PUT REQUEST /hibernate/put
Mar 19, 2019 4:52:54 PM training.endava.app.controller.HibernateSpringController putPerson
INFO: PUT REQUEST /hibernate/put
Mar 19, 2019 4:53:09 PM training.endava.app.controller.HibernateSpringController getAll
INFO: GET REQUEST /hibernate/getAll
Mar 19, 2019 4:55:23 PM training.endava.app.controller.HibernateSpringController getAll
INFO: GET REQUEST /hibernate/getAll
Mar 19, 2019 4:55:41 PM training.endava.app.controller.HibernateSpringController putPerson
INFO: PUT REQUEST /hibernate/put
Mar 19, 2019 4:56:27 PM training.endava.app.controller.HibernateSpringController putPerson
INFO: PUT REQUEST /hibernate/put
Mar 19, 2019 4:57:09 PM training.endava.app.controller.HibernateSpringController putPerson
INFO: PUT REQUEST /hibernate/put
Mar 19, 2019 4:58:16 PM training.endava.app.controller.HibernateSpringController putPerson
INFO: PUT REQUEST /hibernate/put
Mar 19, 2019 4:58:31 PM training.endava.app.controller.HibernateSpringController getAll
INFO: GET REQUEST /hibernate/getAll
Mar 19, 2019 4:59:22 PM training.endava.app.controller.HibernateSpringController deletePerson
INFO: DELETE REQUEST /hibernate/delete
Mar 19, 2019 4:59:27 PM training.endava.app.controller.HibernateSpringController getAll
INFO: GET REQUEST /hibernate/getAll
Mar 19, 2019 4:59:36 PM training.endava.app.controller.HibernateSpringController deletePerson
INFO: DELETE REQUEST /hibernate/delete
Mar 19, 2019 4:59:41 PM training.endava.app.controller.HibernateSpringController getAll
INFO: GET REQUEST /hibernate/getAll
